-0.01575046
-0.33835214
-0.24776565
-0.20924889
0.09674721
0.11022364
-0.09564436
0.01575245
0.08081940
-0.24977063
0.20449618
0.04947038
0.16557869
0.25027138
0.15171833
0.38849184
0.23419333
0.43042865
0.27485690
-0.18528236
0.36812469
0.17466910
0.15471205
0.18837701
0.23473112
0.25591040
-0.04585480
0.11186271
-0.04005442
-0.14708620
-0.26796231
-0.18882602
-0.11059817
-0.03086538
0.07093432
0.21101636
0.19009207
-0.36428204
0.16714534
-0.14925949
0.23154028
0.15111639
-0.09321527
0.08556344
-0.10586194
-0.31907362
0.02244849
0.14321002
0.23236968
0.40914339
0.14807723
0.21195234
0.00117003
-0.09088169
0.04921779
0.09694337
-0.02978003
0.08899945
0.18445890
0.09493101
0.21159253
0.01702339
-0.15417325
0.06757732
-0.02920524
-0.13728540
-0.21171549
0.04631672
0.11560784
-0.11617234
-0.01307012
-0.50905180
0.00017676
0.18793793
0.28238121
-0.12415867
0.18413423
-0.23795833
0.01409818
0.01544470
0.24411182
0.21218696
0.14996460
0.03265362
-0.08189125
-0.00202217
0.12330056
-0.18060826
0.06409538
-0.23439546
0.15650034
-0.04883061
-0.29216924
-0.13036431
-0.18449818
0.19831742
-0.01597952
-0.27059120
0.40383545
0.28388685
