0
-5
-8
-5
-3
2
1
1
-12
2
3
-7
-8
6
-7
-4
3
-6
2
-1
3
2
1
-13
-8
-9
-10
1
1
-1
-9
-7
2
2
0
0
-7
1
2
-2
4
-3
-12
2
2
-6
-3
-9
1
2
1
4
0
-9
-7
-11
2
-7
-7
-6
2
-9
0
-1
1
2
-3
3
1
3
0
-8
3
-6
-4
1
3
1
-10
1
-6
-1
1
-11
2
2
1
1
-11
1
-1
-1
2
-7
-5
-6
-4
3
-5
-5
0
1
1
0
5
1
2
-4
6
-7
-8
2
2
-5
-8
4
-7
1
0
2
-12
-7
-9
3
2
4
2
-3
0
2
-2
1
3
0
-1
2
7
-5
1
0
1
0
0
-8
-3
-5
-7
-4
0
0
-4
0
-1
1
2
1
-1
2
5
2
-8
-7
0
-6
-6
-9
3
2
-5
-3
-12
-1
-6
2
4
-7
0
0
-1
-2
3
-8
-9
-5
-8
-10
-2
-7
2
-3
-10
-1
1
-3
1
3
4
-9
4
2
0
1
2
2
-8
-5
-1
1
-3
-1
-9
2
4
-2
-1
-14
3
-17
4
2
2
0
-3
-6
-9
4
0
-3
0
-2
1
2
1
2
-4
3
3
1
0
1
-6
-2
-5
-3
0
-5
-8
2
-2
-2
-2
3
-1
1
-1
0
0
5
4
-8
1
-10
1
2
0
1
2
2
-2
-3
-6
0
2
-9
-3
0
-4
1
-1
3
-8
2
-2
-7
-3
-1
1
0
3
1
2
0
1
2
0
1
3
1
2
1
0
0
1
2
-7
-5
1
-1
3
-3
-8
1
2
-5
0
-5
-1
2
-4
0
0
-10
-7
5
4
-2
-4
-5
-1
0
0
2
3
-1
-2
2
-5
1
-4
1
-2
-4
2
2
4
2
2
0
-7
1
3
2
0
1
-7
0
1
4
-1
-8
0
4
-3
-3
1
-1
-2
1
3
0
-5
3
0
-7
0
-3
-2
1
1
2
-11
-1
-4
4
3
-5
-3
0
0
1
-2
1
1
-5
1
2
3
-5
1
2
-7
0
-7
-5
4
3
-7
-11
-5
1
3
-1
-7
-4
1
-1
2
3
-4
-5
-2
4
2
3
-2
-6
2
4
0
2
1
-2
-5
-5
-3
-6
2
1
-4
1
-8
3
2
-9
0
1
-9
3
2
-7
0
-8
0
-1
-1
-3
-8
-8
1
0
1
2
-9
2
0
1
-1
-6
-7
-1
2
-1
0
2
3
0
-4
-10
1
0
1
2
3
2
-6
2
3
-11
-6
-14
2
0
-9
2
1
1
3
0
2
-8
0
-10
-2
1
0
2
-3
3
3
-1
1
-5
0
3
1
7
1
1
4
-4
3
0
1
5
4
0
-2
-5
0
-12
1
0
-4
1
4
2
0
0
1
1
1
-8
2
1
-4
1
4
0
0
2
2
2
-1
0
2
0
1
-3
-7
3
1
4
2
-2
0
-4
-6
-8
3
1
2
-4
-1
2
-11
0
-3
1
1
-1
2
-3
-3
4
3
2
-6
0
1
1
-1
-1
-4
-5
-8
-9
-6
-2
4
2
0
-1
1
-9
4
3
-7
4
-5
2
2
3
-6
2
-8
4
2
-7
-3
0
-9
0
0
-11
2
4
-6
-2
0
-7
1
-8
0
2
-2
-8
1
-10
1
-4
2
4
-9
-3
2
1
4
0
-4
0
2
-2
0
-11
3
-9
-6
-8
-3
3
2
-9
3
3
-8
1
1
-9
-8
2
1
-4
-2
-1
-7
1
3
1
-7
0
4
2
4
-10
-3
3
4
-5
1
-7
2
-2
-8
-5
1
-3
-3
2
-7
3
-7
0
1
-1
-2
-5
2
-6
-2
-1
4
3
4
4
1
-2
-3
0
3
1
3
1
1
-6
-5
1
1
3
0
1
-7
3
0
-10
2
2
-2
0
-6
-10
5
3
-4
2
1
-5
1
-3
3
3
1
0
-1
0
0
1
1
5
4
-4
-4
-5
-7
0
1
-3
-3
2
2
-6
0
-6
0
0
3
-5
3
-8
1
1
0
2
1
-2
-9
-3
3
0
0
1
-5
0
2
2
1
2
3
-3
-5
-6
0
1
0
2
-3
2
0
-1
-9
1
-5
-3
-7
-11
1
-1
-3
-2
-2
1
-3
-5
1
-11
-2
-5
1
-6
0
1
2
2
-6
1
-1
-5
-4
2
2
2
-6
-8
1
0
-2
1
-1
-3
-6
-10
0
-10
0
1
1
0
1
-7
-9
1
0
-2
1
-4
1
-1
2
0
0
2
2
3
-9
1
-5
0
-6
1
2
-6
-3
-3
-8
-2
-2
2
-6
1
1
1
-6
0
1
3
1
-3
-2
2
-6
0
-5
1
-11
-1
-7
-7
2
1
1
1
0
-13
-10
-2
2
-2
-5
3
-7
-12
2
2
1
5
-1
-7
1
3
-1
2
1
-7
-5
-5
-1
-4
-12
-2
-6
-3
-5
2
2
1
-5
1
0
3
1
-2
-10
-2
1
0
-6
1
1
-12
-9
1
-9
3
-3
2
1
2
2
2
2
-4
1
2
3
2
3
0
1
0
1
-13
2
2
2
3
4
-4
-7
1
-10
0
1
1
1
0
2
0
-11
2
1
-10
-10
